<?xml version="1.0" encoding="UTF-8"?>
<testsuite xmlns:xsi="http://www.w3.org/2001/XMLSchema-instance" xsi:noNamespaceSchemaLocation="https://maven.apache.org/surefire/maven-surefire-plugin/xsd/surefire-test-report-3.0.xsd" version="3.0" name="unlp.info.bd2.ToursQuerysTests" time="1.882" tests="14" errors="2" skipped="0" failures="11">
  <properties>
[...]
</properties>
  <testcase name="getRoutsNotSellTest" classname="unlp.info.bd2.ToursQuerysTests" time="0.005">
    <failure message="expected: &lt;1&gt; but was: &lt;0&gt;" type="org.opentest4j.AssertionFailedError"><![CDATA[org.opentest4j.AssertionFailedError: expected: <1> but was: <0>
	at org.junit.jupiter.api.AssertionFailureBuilder.build(AssertionFailureBuilder.java:151)
	at org.junit.jupiter.api.AssertionFailureBuilder.buildAndThrow(AssertionFailureBuilder.java:132)
	at org.junit.jupiter.api.AssertEquals.failNotEqual(AssertEquals.java:197)
	at org.junit.jupiter.api.AssertEquals.assertEquals(AssertEquals.java:150)
	at org.junit.jupiter.api.AssertEquals.assertEquals(AssertEquals.java:145)
	at org.junit.jupiter.api.Assertions.assertEquals(Assertions.java:531)
	at unlp.info.bd2.ToursQuerysTests.getRoutsNotSellTest(ToursQuerysTests.java:138)
	at java.base/java.lang.reflect.Method.invoke(Method.java:565)
	at java.base/java.util.ArrayList.forEach(ArrayList.java:1604)
	at java.base/java.util.ArrayList.forEach(ArrayList.java:1604)
]]></failure>
    <system-out><![CDATA[18:12:12.581 [main] INFO org.hibernate.cache.internal.RegionFactoryInitiator -- HHH000026: Second-level cache disabled
18:12:12.591 [main] WARN org.hibernate.orm.deprecation -- HHH90000025: MySQLDialect does not need to be specified explicitly using 'hibernate.dialect' (remove the property setting and it will be selected by default)
18:12:12.793 [main] INFO org.hibernate.engine.transaction.jta.platform.internal.JtaPlatformInitiator -- HHH000489: No JTA platform available (set 'hibernate.transaction.jta.platform' to enable JTA platform integration)
Hibernate: 
    alter table driver_users 
       drop 
       foreign key FKbkb3p6s8c7msobniuraiv9mx5
Hibernate: 
    alter table item_services 
       drop 
       foreign key FKe7pdfp76d4vvib2n64ofqf98u
Hibernate: 
    alter table item_services 
       drop 
       foreign key FKokunrok5avbqvfqt11oox02w0
Hibernate: 
    alter table purchases 
       drop 
       foreign key FKb8a9x319ptkwr9xnu3imfwxkt
Hibernate: 
    alter table purchases 
       drop 
       foreign key FKm0ndjymn9p747pfp4515pio8i
Hibernate: 
    alter table reviews 
       drop 
       foreign key FKtlbpgfgpje3g0do3xdmry3y9j
Hibernate: 
    alter table route_drivers 
       drop 
       foreign key FKbpby28imkdifoc4yic85ib4im
Hibernate: 
    alter table route_drivers 
       drop 
       foreign key FKbovlxo45trq2qh2668qfjrstj
Hibernate: 
    alter table route_tour_guides 
       drop 
       foreign key FK1wifbph2qg4sra4jqndc3roxk
Hibernate: 
    alter table route_tour_guides 
       drop 
       foreign key FKaj9a5b81y31cpc1j5fn3aor4e
Hibernate: 
    alter table service 
       drop 
       foreign key FK790p4du8exr1yxtwn38uv6jff
Hibernate: 
    alter table stops 
       drop 
       foreign key FKj89bt622wq57q3hmubkjgu6il
Hibernate: 
    alter table tour_guide_users 
       drop 
       foreign key FK47epqmfvk5ks6jkyeqcrv6b9b
Hibernate: 
    drop table if exists driver_users
Hibernate: 
    drop table if exists item_services
Hibernate: 
    drop table if exists purchases
Hibernate: 
    drop table if exists reviews
Hibernate: 
    drop table if exists route_drivers
Hibernate: 
    drop table if exists route_tour_guides
Hibernate: 
    drop table if exists routes
Hibernate: 
    drop table if exists service
Hibernate: 
    drop table if exists stops
Hibernate: 
    drop table if exists suppliers
Hibernate: 
    drop table if exists tour_guide_users
Hibernate: 
    drop table if exists users
Hibernate: 
    create table driver_users (
        user_id bigint not null,
        expedient varchar(50) not null,
        primary key (user_id)
    ) engine=InnoDB
Hibernate: 
    create table item_services (
        quantity integer not null,
        id bigint not null auto_increment,
        purchase_id bigint not null,
        service_id bigint not null,
        primary key (id)
    ) engine=InnoDB
Hibernate: 
    create table purchases (
        totalPrice float(23) not null,
        date datetime(6) not null,
        id bigint not null auto_increment,
        route_id bigint,
        user_id bigint not null,
        code varchar(255) not null,
        primary key (id)
    ) engine=InnoDB
Hibernate: 
    create table reviews (
        rating integer not null,
        id bigint not null auto_increment,
        purchase_id bigint not null,
        comment varchar(1000),
        primary key (id)
    ) engine=InnoDB
Hibernate: 
    create table route_drivers (
        driver_id bigint not null,
        route_id bigint not null
    ) engine=InnoDB
Hibernate: 
    create table route_tour_guides (
        route_id bigint not null,
        tour_guide_id bigint not null
    ) engine=InnoDB
Hibernate: 
    create table routes (
        max_number_users integer not null,
        price float(23) not null,
        total_km float(23) not null,
        id bigint not null auto_increment,
        name varchar(100) not null,
        primary key (id)
    ) engine=InnoDB
Hibernate: 
    create table service (
        price float(23) not null,
        id bigint not null auto_increment,
        supplier_id bigint not null,
        description varchar(500),
        name varchar(255) not null,
        primary key (id)
    ) engine=InnoDB
Hibernate: 
    create table stops (
        id bigint not null auto_increment,
        route_id bigint not null,
        name varchar(100) not null,
        description varchar(500),
        primary key (id)
    ) engine=InnoDB
Hibernate: 
    create table suppliers (
        id bigint not null auto_increment,
        authorizationNumber varchar(255) not null,
        businessName varchar(255) not null,
        primary key (id)
    ) engine=InnoDB
Hibernate: 
    create table tour_guide_users (
        user_id bigint not null,
        education varchar(100) not null,
        primary key (user_id)
    ) engine=InnoDB
Hibernate: 
    create table users (
        active bit not null,
        birth_date date,
        id bigint not null auto_increment,
        phone_number varchar(20),
        username varchar(50) not null,
        name varchar(100) not null,
        email varchar(255) not null,
        password varchar(255) not null,
        primary key (id)
    ) engine=InnoDB
Hibernate: 
    alter table driver_users 
       add constraint UK_ihp4u0csiamk5btoxi1el0s5q unique (expedient)
Hibernate: 
    alter table purchases 
       add constraint UK_idp67y8emgudwcvj94r8chpf4 unique (code)
Hibernate: 
    alter table reviews 
       add constraint UK_jfd0ugmaq72ipi087g9f158hs unique (purchase_id)
Hibernate: 
    alter table suppliers 
       add constraint UK_b699v3k8236wnaxjc86510b8q unique (authorizationNumber)
Hibernate: 
    alter table users 
       add constraint UK_r43af9ap4edm43mmtq01oddj6 unique (username)
Hibernate: 
    alter table users 
       add constraint UK_6dotkott2kjsp8vw4d0m25fb7 unique (email)
Hibernate: 
    alter table driver_users 
       add constraint FKbkb3p6s8c7msobniuraiv9mx5 
       foreign key (user_id) 
       references users (id)
Hibernate: 
    alter table item_services 
       add constraint FKe7pdfp76d4vvib2n64ofqf98u 
       foreign key (purchase_id) 
       references purchases (id)
Hibernate: 
    alter table item_services 
       add constraint FKokunrok5avbqvfqt11oox02w0 
       foreign key (service_id) 
       references service (id)
Hibernate: 
    alter table purchases 
       add constraint FKb8a9x319ptkwr9xnu3imfwxkt 
       foreign key (route_id) 
       references routes (id)
Hibernate: 
    alter table purchases 
       add constraint FKm0ndjymn9p747pfp4515pio8i 
       foreign key (user_id) 
       references users (id)
Hibernate: 
    alter table reviews 
       add constraint FKtlbpgfgpje3g0do3xdmry3y9j 
       foreign key (purchase_id) 
       references purchases (id)
Hibernate: 
    alter table route_drivers 
       add constraint FKbpby28imkdifoc4yic85ib4im 
       foreign key (driver_id) 
       references driver_users (user_id)
Hibernate: 
    alter table route_drivers 
       add constraint FKbovlxo45trq2qh2668qfjrstj 
       foreign key (route_id) 
       references routes (id)
Hibernate: 
    alter table route_tour_guides 
       add constraint FK1wifbph2qg4sra4jqndc3roxk 
       foreign key (tour_guide_id) 
       references tour_guide_users (user_id)
Hibernate: 
    alter table route_tour_guides 
       add constraint FKaj9a5b81y31cpc1j5fn3aor4e 
       foreign key (route_id) 
       references routes (id)
Hibernate: 
    alter table service 
       add constraint FK790p4du8exr1yxtwn38uv6jff 
       foreign key (supplier_id) 
       references suppliers (id)
Hibernate: 
    alter table stops 
       add constraint FKj89bt622wq57q3hmubkjgu6il 
       foreign key (route_id) 
       references routes (id)
Hibernate: 
    alter table tour_guide_users 
       add constraint FK47epqmfvk5ks6jkyeqcrv6b9b 
       foreign key (user_id) 
       references users (id)
Hibernate: 
    select
        count(s1_0.id) 
    from
        suppliers s1_0 
    where
        s1_0.authorizationNumber=?
Hibernate: 
    insert 
    into
        suppliers
        (authorizationNumber, businessName) 
    values
        (?, ?)
Hibernate: 
    select
        count(s1_0.id) 
    from
        suppliers s1_0 
    where
        s1_0.authorizationNumber=?
Hibernate: 
    insert 
    into
        suppliers
        (authorizationNumber, businessName) 
    values
        (?, ?)
Hibernate: 
    select
        count(s1_0.id) 
    from
        suppliers s1_0 
    where
        s1_0.authorizationNumber=?
Hibernate: 
    insert 
    into
        suppliers
        (authorizationNumber, businessName) 
    values
        (?, ?)
Hibernate: 
    select
        count(s1_0.id) 
    from
        suppliers s1_0 
    where
        s1_0.authorizationNumber=?
Hibernate: 
    insert 
    into
        suppliers
        (authorizationNumber, businessName) 
    values
        (?, ?)
Hibernate: 
    select
        count(s1_0.id) 
    from
        suppliers s1_0 
    where
        s1_0.authorizationNumber=?
Hibernate: 
    insert 
    into
        suppliers
        (authorizationNumber, businessName) 
    values
        (?, ?)
Hibernate: 
    insert 
    into
        service
        (description, name, price, supplier_id) 
    values
        (?, ?, ?, ?)
Hibernate: 
    insert 
    into
        service
        (description, name, price, supplier_id) 
    values
        (?, ?, ?, ?)
Hibernate: 
    insert 
    into
        service
        (description, name, price, supplier_id) 
    values
        (?, ?, ?, ?)
Hibernate: 
    insert 
    into
        service
        (description, name, price, supplier_id) 
    values
        (?, ?, ?, ?)
Hibernate: 
    insert 
    into
        service
        (description, name, price, supplier_id) 
    values
        (?, ?, ?, ?)
Hibernate: 
    insert 
    into
        service
        (description, name, price, supplier_id) 
    values
        (?, ?, ?, ?)
Hibernate: 
    insert 
    into
        service
        (description, name, price, supplier_id) 
    values
        (?, ?, ?, ?)
Hibernate: 
    insert 
    into
        service
        (description, name, price, supplier_id) 
    values
        (?, ?, ?, ?)
Hibernate: 
    insert 
    into
        service
        (description, name, price, supplier_id) 
    values
        (?, ?, ?, ?)
Hibernate: 
    insert 
    into
        users
        (active, birth_date, email, name, password, phone_number, username) 
    values
        (?, ?, ?, ?, ?, ?, ?)
Hibernate: 
    insert 
    into
        users
        (active, birth_date, email, name, password, phone_number, username) 
    values
        (?, ?, ?, ?, ?, ?, ?)
Hibernate: 
    insert 
    into
        users
        (active, birth_date, email, name, password, phone_number, username) 
    values
        (?, ?, ?, ?, ?, ?, ?)
Hibernate: 
    insert 
    into
        users
        (active, birth_date, email, name, password, phone_number, username) 
    values
        (?, ?, ?, ?, ?, ?, ?)
Hibernate: 
    insert 
    into
        users
        (active, birth_date, email, name, password, phone_number, username) 
    values
        (?, ?, ?, ?, ?, ?, ?)
Hibernate: 
    insert 
    into
        users
        (active, birth_date, email, name, password, phone_number, username) 
    values
        (?, ?, ?, ?, ?, ?, ?)
Hibernate: 
    insert 
    into
        users
        (active, birth_date, email, name, password, phone_number, username) 
    values
        (?, ?, ?, ?, ?, ?, ?)
Hibernate: 
    insert 
    into
        users
        (active, birth_date, email, name, password, phone_number, username) 
    values
        (?, ?, ?, ?, ?, ?, ?)
Hibernate: 
    insert 
    into
        users
        (active, birth_date, email, name, password, phone_number, username) 
    values
        (?, ?, ?, ?, ?, ?, ?)
Hibernate: 
    insert 
    into
        users
        (active, birth_date, email, name, password, phone_number, username) 
    values
        (?, ?, ?, ?, ?, ?, ?)
]]></system-out>
  </testcase>
  <testcase name="getAllPurchasesOfUsernameTest" classname="unlp.info.bd2.ToursQuerysTests" time="0.004">
    <failure message="expected: &lt;6&gt; but was: &lt;0&gt;" type="org.opentest4j.AssertionFailedError"><![CDATA[org.opentest4j.AssertionFailedError: expected: <6> but was: <0>
	at org.junit.jupiter.api.AssertionFailureBuilder.build(AssertionFailureBuilder.java:151)
	at org.junit.jupiter.api.AssertionFailureBuilder.buildAndThrow(AssertionFailureBuilder.java:132)
	at org.junit.jupiter.api.AssertEquals.failNotEqual(AssertEquals.java:197)
	at org.junit.jupiter.api.AssertEquals.assertEquals(AssertEquals.java:150)
	at org.junit.jupiter.api.AssertEquals.assertEquals(AssertEquals.java:145)
	at org.junit.jupiter.api.Assertions.assertEquals(Assertions.java:531)
	at unlp.info.bd2.ToursQuerysTests.getAllPurchasesOfUsernameTest(ToursQuerysTests.java:57)
	at java.base/java.lang.reflect.Method.invoke(Method.java:565)
	at java.base/java.util.ArrayList.forEach(ArrayList.java:1604)
	at java.base/java.util.ArrayList.forEach(ArrayList.java:1604)
]]></failure>
  </testcase>
  <testcase name="getRoutesWithStopTest" classname="unlp.info.bd2.ToursQuerysTests" time="0.005">
    <error message="Index 0 out of bounds for length 0" type="java.lang.ArrayIndexOutOfBoundsException"><![CDATA[java.lang.ArrayIndexOutOfBoundsException: Index 0 out of bounds for length 0
	at java.base/java.util.ImmutableCollections$ListN.get(ImmutableCollections.java:689)
	at unlp.info.bd2.ToursQuerysTests.getRoutesWithStopTest(ToursQuerysTests.java:115)
	at java.base/java.lang.reflect.Method.invoke(Method.java:565)
	at java.base/java.util.ArrayList.forEach(ArrayList.java:1604)
	at java.base/java.util.ArrayList.forEach(ArrayList.java:1604)
]]></error>
  </testcase>
  <testcase name="getServiceNoAddedToPurchasesTest" classname="unlp.info.bd2.ToursQuerysTests" time="0.006">
    <failure message="expected: &lt;2&gt; but was: &lt;0&gt;" type="org.opentest4j.AssertionFailedError"><![CDATA[org.opentest4j.AssertionFailedError: expected: <2> but was: <0>
	at org.junit.jupiter.api.AssertionFailureBuilder.build(AssertionFailureBuilder.java:151)
	at org.junit.jupiter.api.AssertionFailureBuilder.buildAndThrow(AssertionFailureBuilder.java:132)
	at org.junit.jupiter.api.AssertEquals.failNotEqual(AssertEquals.java:197)
	at org.junit.jupiter.api.AssertEquals.assertEquals(AssertEquals.java:150)
	at org.junit.jupiter.api.AssertEquals.assertEquals(AssertEquals.java:145)
	at org.junit.jupiter.api.Assertions.assertEquals(Assertions.java:531)
	at unlp.info.bd2.ToursQuerysTests.getServiceNoAddedToPurchasesTest(ToursQuerysTests.java:159)
	at java.base/java.lang.reflect.Method.invoke(Method.java:565)
	at java.base/java.util.ArrayList.forEach(ArrayList.java:1604)
	at java.base/java.util.ArrayList.forEach(ArrayList.java:1604)
]]></failure>
  </testcase>
  <testcase name="getMaxStopOfRoutesTest" classname="unlp.info.bd2.ToursQuerysTests" time="0.006">
    <failure message="expected: &lt;9&gt; but was: &lt;0&gt;" type="org.opentest4j.AssertionFailedError"><![CDATA[org.opentest4j.AssertionFailedError: expected: <9> but was: <0>
	at org.junit.jupiter.api.AssertionFailureBuilder.build(AssertionFailureBuilder.java:151)
	at org.junit.jupiter.api.AssertionFailureBuilder.buildAndThrow(AssertionFailureBuilder.java:132)
	at org.junit.jupiter.api.AssertEquals.failNotEqual(AssertEquals.java:197)
	at org.junit.jupiter.api.AssertEquals.assertEquals(AssertEquals.java:182)
	at org.junit.jupiter.api.AssertEquals.assertEquals(AssertEquals.java:177)
	at org.junit.jupiter.api.Assertions.assertEquals(Assertions.java:639)
	at unlp.info.bd2.ToursQuerysTests.getMaxStopOfRoutesTest(ToursQuerysTests.java:132)
	at java.base/java.lang.reflect.Method.invoke(Method.java:565)
	at java.base/java.util.ArrayList.forEach(ArrayList.java:1604)
	at java.base/java.util.ArrayList.forEach(ArrayList.java:1604)
]]></failure>
  </testcase>
  <testcase name="getTop10MoreExpensivePurchasesInServicesTest" classname="unlp.info.bd2.ToursQuerysTests" time="0.006">
    <failure message="expected: &lt;10&gt; but was: &lt;0&gt;" type="org.opentest4j.AssertionFailedError"><![CDATA[org.opentest4j.AssertionFailedError: expected: <10> but was: <0>
	at org.junit.jupiter.api.AssertionFailureBuilder.build(AssertionFailureBuilder.java:151)
	at org.junit.jupiter.api.AssertionFailureBuilder.buildAndThrow(AssertionFailureBuilder.java:132)
	at org.junit.jupiter.api.AssertEquals.failNotEqual(AssertEquals.java:197)
	at org.junit.jupiter.api.AssertEquals.assertEquals(AssertEquals.java:150)
	at org.junit.jupiter.api.AssertEquals.assertEquals(AssertEquals.java:145)
	at org.junit.jupiter.api.Assertions.assertEquals(Assertions.java:531)
	at unlp.info.bd2.ToursQuerysTests.getTop10MoreExpensivePurchasesInServicesTest(ToursQuerysTests.java:91)
	at java.base/java.lang.reflect.Method.invoke(Method.java:565)
	at java.base/java.util.ArrayList.forEach(ArrayList.java:1604)
	at java.base/java.util.ArrayList.forEach(ArrayList.java:1604)
]]></failure>
  </testcase>
  <testcase name="getTopNSuppliersInPurchasesTest" classname="unlp.info.bd2.ToursQuerysTests" time="0.006">
    <failure message="expected: &lt;3&gt; but was: &lt;0&gt;" type="org.opentest4j.AssertionFailedError"><![CDATA[org.opentest4j.AssertionFailedError: expected: <3> but was: <0>
	at org.junit.jupiter.api.AssertionFailureBuilder.build(AssertionFailureBuilder.java:151)
	at org.junit.jupiter.api.AssertionFailureBuilder.buildAndThrow(AssertionFailureBuilder.java:132)
	at org.junit.jupiter.api.AssertEquals.failNotEqual(AssertEquals.java:197)
	at org.junit.jupiter.api.AssertEquals.assertEquals(AssertEquals.java:150)
	at org.junit.jupiter.api.AssertEquals.assertEquals(AssertEquals.java:145)
	at org.junit.jupiter.api.Assertions.assertEquals(Assertions.java:531)
	at unlp.info.bd2.ToursQuerysTests.getTopNSuppliersInPurchasesTest(ToursQuerysTests.java:81)
	at java.base/java.lang.reflect.Method.invoke(Method.java:565)
	at java.base/java.util.ArrayList.forEach(ArrayList.java:1604)
	at java.base/java.util.ArrayList.forEach(ArrayList.java:1604)
]]></failure>
  </testcase>
  <testcase name="getTop5UsersMorePurchasesTest" classname="unlp.info.bd2.ToursQuerysTests" time="0.005">
    <failure message="expected: &lt;5&gt; but was: &lt;0&gt;" type="org.opentest4j.AssertionFailedError"><![CDATA[org.opentest4j.AssertionFailedError: expected: <5> but was: <0>
	at org.junit.jupiter.api.AssertionFailureBuilder.build(AssertionFailureBuilder.java:151)
	at org.junit.jupiter.api.AssertionFailureBuilder.buildAndThrow(AssertionFailureBuilder.java:132)
	at org.junit.jupiter.api.AssertEquals.failNotEqual(AssertEquals.java:197)
	at org.junit.jupiter.api.AssertEquals.assertEquals(AssertEquals.java:150)
	at org.junit.jupiter.api.AssertEquals.assertEquals(AssertEquals.java:145)
	at org.junit.jupiter.api.Assertions.assertEquals(Assertions.java:531)
	at unlp.info.bd2.ToursQuerysTests.getTop5UsersMorePurchasesTest(ToursQuerysTests.java:98)
	at java.base/java.lang.reflect.Method.invoke(Method.java:565)
	at java.base/java.util.ArrayList.forEach(ArrayList.java:1604)
	at java.base/java.util.ArrayList.forEach(ArrayList.java:1604)
]]></failure>
  </testcase>
  <testcase name="init" classname="unlp.info.bd2.ToursQuerysTests" time="0.005"/>
  <testcase name="getUserSpendingMoreThanTest" classname="unlp.info.bd2.ToursQuerysTests" time="0.007">
    <failure message="expected: &lt;6&gt; but was: &lt;0&gt;" type="org.opentest4j.AssertionFailedError"><![CDATA[org.opentest4j.AssertionFailedError: expected: <6> but was: <0>
	at org.junit.jupiter.api.AssertionFailureBuilder.build(AssertionFailureBuilder.java:151)
	at org.junit.jupiter.api.AssertionFailureBuilder.buildAndThrow(AssertionFailureBuilder.java:132)
	at org.junit.jupiter.api.AssertEquals.failNotEqual(AssertEquals.java:197)
	at org.junit.jupiter.api.AssertEquals.assertEquals(AssertEquals.java:150)
	at org.junit.jupiter.api.AssertEquals.assertEquals(AssertEquals.java:145)
	at org.junit.jupiter.api.Assertions.assertEquals(Assertions.java:531)
	at unlp.info.bd2.ToursQuerysTests.getUserSpendingMoreThanTest(ToursQuerysTests.java:69)
	at java.base/java.lang.reflect.Method.invoke(Method.java:565)
	at java.base/java.util.ArrayList.forEach(ArrayList.java:1604)
	at java.base/java.util.ArrayList.forEach(ArrayList.java:1604)
]]></failure>
  </testcase>
  <testcase name="getMostDemandedServiceTest" classname="unlp.info.bd2.ToursQuerysTests" time="0.005">
    <error message="Cannot invoke &quot;unlp.info.bd2.model.Service.getName()&quot; because &quot;mostDemandedService&quot; is null" type="java.lang.NullPointerException"><![CDATA[java.lang.NullPointerException: Cannot invoke "unlp.info.bd2.model.Service.getName()" because "mostDemandedService" is null
	at unlp.info.bd2.ToursQuerysTests.getMostDemandedServiceTest(ToursQuerysTests.java:152)
	at java.base/java.lang.reflect.Method.invoke(Method.java:565)
	at java.base/java.util.ArrayList.forEach(ArrayList.java:1604)
	at java.base/java.util.ArrayList.forEach(ArrayList.java:1604)
]]></error>
  </testcase>
  <testcase name="getTourGuidesWithRating1Test" classname="unlp.info.bd2.ToursQuerysTests" time="0.004">
    <failure message="expected: &lt;3&gt; but was: &lt;0&gt;" type="org.opentest4j.AssertionFailedError"><![CDATA[org.opentest4j.AssertionFailedError: expected: <3> but was: <0>
	at org.junit.jupiter.api.AssertionFailureBuilder.build(AssertionFailureBuilder.java:151)
	at org.junit.jupiter.api.AssertionFailureBuilder.buildAndThrow(AssertionFailureBuilder.java:132)
	at org.junit.jupiter.api.AssertEquals.failNotEqual(AssertEquals.java:197)
	at org.junit.jupiter.api.AssertEquals.assertEquals(AssertEquals.java:150)
	at org.junit.jupiter.api.AssertEquals.assertEquals(AssertEquals.java:145)
	at org.junit.jupiter.api.Assertions.assertEquals(Assertions.java:531)
	at unlp.info.bd2.ToursQuerysTests.getTourGuidesWithRating1Test(ToursQuerysTests.java:166)
	at java.base/java.lang.reflect.Method.invoke(Method.java:565)
	at java.base/java.util.ArrayList.forEach(ArrayList.java:1604)
	at java.base/java.util.ArrayList.forEach(ArrayList.java:1604)
]]></failure>
  </testcase>
  <testcase name="getTop3RoutesWithMaxRatingTest" classname="unlp.info.bd2.ToursQuerysTests" time="0.004">
    <failure message="expected: &lt;3&gt; but was: &lt;0&gt;" type="org.opentest4j.AssertionFailedError"><![CDATA[org.opentest4j.AssertionFailedError: expected: <3> but was: <0>
	at org.junit.jupiter.api.AssertionFailureBuilder.build(AssertionFailureBuilder.java:151)
	at org.junit.jupiter.api.AssertionFailureBuilder.buildAndThrow(AssertionFailureBuilder.java:132)
	at org.junit.jupiter.api.AssertEquals.failNotEqual(AssertEquals.java:197)
	at org.junit.jupiter.api.AssertEquals.assertEquals(AssertEquals.java:150)
	at org.junit.jupiter.api.AssertEquals.assertEquals(AssertEquals.java:145)
	at org.junit.jupiter.api.Assertions.assertEquals(Assertions.java:531)
	at unlp.info.bd2.ToursQuerysTests.getTop3RoutesWithMaxRatingTest(ToursQuerysTests.java:145)
	at java.base/java.lang.reflect.Method.invoke(Method.java:565)
	at java.base/java.util.ArrayList.forEach(ArrayList.java:1604)
	at java.base/java.util.ArrayList.forEach(ArrayList.java:1604)
]]></failure>
  </testcase>
  <testcase name="getCountOfPurchasesBetweenDatesTest" classname="unlp.info.bd2.ToursQuerysTests" time="0.009">
    <failure message="expected: &lt;7&gt; but was: &lt;0&gt;" type="org.opentest4j.AssertionFailedError"><![CDATA[org.opentest4j.AssertionFailedError: expected: <7> but was: <0>
	at org.junit.jupiter.api.AssertionFailureBuilder.build(AssertionFailureBuilder.java:151)
	at org.junit.jupiter.api.AssertionFailureBuilder.buildAndThrow(AssertionFailureBuilder.java:132)
	at org.junit.jupiter.api.AssertEquals.failNotEqual(AssertEquals.java:197)
	at org.junit.jupiter.api.AssertEquals.assertEquals(AssertEquals.java:166)
	at org.junit.jupiter.api.AssertEquals.assertEquals(AssertEquals.java:161)
	at org.junit.jupiter.api.Assertions.assertEquals(Assertions.java:632)
	at unlp.info.bd2.ToursQuerysTests.getCountOfPurchasesBetweenDatesTest(ToursQuerysTests.java:106)
	at java.base/java.lang.reflect.Method.invoke(Method.java:565)
	at java.base/java.util.ArrayList.forEach(ArrayList.java:1604)
	at java.base/java.util.ArrayList.forEach(ArrayList.java:1604)
]]></failure>
  </testcase>
</testsuite>